 * Serving Flask app 'app'
 * Debug mode: on
WARNING: This is a development server. Do not use it in a production deployment. Use a production WSGI server instead.
 * Running on all addresses (0.0.0.0)
 * Running on http://127.0.0.1:5000
 * Running on http://192.168.15.12:5000
Press CTRL+C to quit
 * Restarting with stat
 * Debugger is active!
 * Debugger PIN: 142-391-762
192.168.15.25 - - [29/Oct/2025 14:23:12] "POST /login HTTP/1.1" 500 -
Traceback (most recent call last):
  File "/usr/lib/python3/dist-packages/flask/app.py", line 2548, in __call__
    return self.wsgi_app(environ, start_response)
           ^^^^^^^^^^^^^^^^^^^^^^^^^^^^^^^^^^^^^^
  File "/usr/lib/python3/dist-packages/flask/app.py", line 2528, in wsgi_app
    response = self.handle_exception(e)
               ^^^^^^^^^^^^^^^^^^^^^^^^
  File "/usr/lib/python3/dist-packages/flask/app.py", line 2525, in wsgi_app
    response = self.full_dispatch_request()
               ^^^^^^^^^^^^^^^^^^^^^^^^^^^^
  File "/usr/lib/python3/dist-packages/flask/app.py", line 1822, in full_dispatch_request
    rv = self.handle_user_exception(e)
         ^^^^^^^^^^^^^^^^^^^^^^^^^^^^^
  File "/usr/lib/python3/dist-packages/flask/app.py", line 1820, in full_dispatch_request
    rv = self.dispatch_request()
         ^^^^^^^^^^^^^^^^^^^^^^^
  File "/usr/lib/python3/dist-packages/flask/app.py", line 1796, in dispatch_request
    return self.ensure_sync(self.view_functions[rule.endpoint])(**view_args)
           ^^^^^^^^^^^^^^^^^^^^^^^^^^^^^^^^^^^^^^^^^^^^^^^^^^^^^^^^^^^^^^^^^
  File "/home/raspberry/KawaiiCon-Box-CTF-2025/camera-webapp/app.py", line 107, in login
    password_hash = hashlib.md5(password.encode('utf-8')).hexdigest()
                    ^^^^^^^^^^^^^^^^^^^^^^^^^^^^^^^^^^^^^^^^^^^^^^^^^
NameError: name 'hashlib' is not defined
192.168.15.25 - - [29/Oct/2025 14:23:12] "GET /login?__debugger__=yes&cmd=resource&f=style.css HTTP/1.1" 304 -
192.168.15.25 - - [29/Oct/2025 14:23:12] "GET /login?__debugger__=yes&cmd=resource&f=debugger.js HTTP/1.1" 304 -
192.168.15.25 - - [29/Oct/2025 14:23:12] "GET /login?__debugger__=yes&cmd=resource&f=console.png HTTP/1.1" 304 -
192.168.15.25 - - [29/Oct/2025 14:23:15] "POST /login HTTP/1.1" 500 -
Traceback (most recent call last):
  File "/usr/lib/python3/dist-packages/flask/app.py", line 2548, in __call__
    return self.wsgi_app(environ, start_response)
           ^^^^^^^^^^^^^^^^^^^^^^^^^^^^^^^^^^^^^^
  File "/usr/lib/python3/dist-packages/flask/app.py", line 2528, in wsgi_app
    response = self.handle_exception(e)
               ^^^^^^^^^^^^^^^^^^^^^^^^
  File "/usr/lib/python3/dist-packages/flask/app.py", line 2525, in wsgi_app
    response = self.full_dispatch_request()
               ^^^^^^^^^^^^^^^^^^^^^^^^^^^^
  File "/usr/lib/python3/dist-packages/flask/app.py", line 1822, in full_dispatch_request
    rv = self.handle_user_exception(e)
         ^^^^^^^^^^^^^^^^^^^^^^^^^^^^^
  File "/usr/lib/python3/dist-packages/flask/app.py", line 1820, in full_dispatch_request
    rv = self.dispatch_request()
         ^^^^^^^^^^^^^^^^^^^^^^^
  File "/usr/lib/python3/dist-packages/flask/app.py", line 1796, in dispatch_request
    return self.ensure_sync(self.view_functions[rule.endpoint])(**view_args)
           ^^^^^^^^^^^^^^^^^^^^^^^^^^^^^^^^^^^^^^^^^^^^^^^^^^^^^^^^^^^^^^^^^
  File "/home/raspberry/KawaiiCon-Box-CTF-2025/camera-webapp/app.py", line 107, in login
    password_hash = hashlib.md5(password.encode('utf-8')).hexdigest()
                    ^^^^^^^^^^^^^^^^^^^^^^^^^^^^^^^^^^^^^^^^^^^^^^^^^
NameError: name 'hashlib' is not defined
192.168.15.25 - - [29/Oct/2025 14:23:15] "GET /login?__debugger__=yes&cmd=resource&f=style.css HTTP/1.1" 304 -
192.168.15.25 - - [29/Oct/2025 14:23:15] "GET /login?__debugger__=yes&cmd=resource&f=debugger.js HTTP/1.1" 304 -
192.168.15.25 - - [29/Oct/2025 14:23:15] "GET /login?__debugger__=yes&cmd=resource&f=debugger.js HTTP/1.1" 304 -
192.168.15.25 - - [29/Oct/2025 14:23:15] "GET /login?__debugger__=yes&cmd=resource&f=console.png HTTP/1.1" 304 -
 * Detected change in '/home/raspberry/KawaiiCon-Box-CTF-2025/camera-webapp/app.py', reloading
 * Restarting with stat
 * Debugger is active!
 * Debugger PIN: 142-391-762
